<?xml version="1.0" encoding="UTF-8"?>
<testng-results skipped="0" failed="0" ignored="0" total="1" passed="1">
  <reporter-output>
  </reporter-output>
  <suite name="Failed suite [Suite]" duration-ms="26669" started-at="2018-08-09T05:46:43Z" finished-at="2018-08-09T05:47:10Z">
    <groups>
    </groups>
    <test name="Test(failed)" duration-ms="26669" started-at="2018-08-09T05:46:43Z" finished-at="2018-08-09T05:47:10Z">
      <class name="scripts.TestValidLogin">
        <test-method status="PASS" signature="launchApplication()[pri:0, instance:scripts.TestValidLogin@e25b2fe]" name="launchApplication" is-config="true" duration-ms="7564" started-at="2018-08-09T11:16:43Z" finished-at="2018-08-09T11:16:51Z">
          <reporter-output>
          </reporter-output>
        </test-method> <!-- launchApplication -->
        <test-method status="PASS" signature="testValidLogin()[pri:0, instance:scripts.TestValidLogin@e25b2fe]" name="testValidLogin" duration-ms="18969" started-at="2018-08-09T11:16:51Z" finished-at="2018-08-09T11:17:10Z">
          <reporter-output>
          </reporter-output>
        </test-method> <!-- testValidLogin -->
        <test-method status="PASS" signature="closeApplication(org.testng.ITestResult)[pri:0, instance:scripts.TestValidLogin@e25b2fe]" name="closeApplication" is-config="true" duration-ms="101" started-at="2018-08-09T11:17:10Z" finished-at="2018-08-09T11:17:10Z">
          <params>
            <param index="0">
              <value>
                <![CDATA[[TestResult name=testValidLogin status=SUCCESS method=TestValidLogin.testValidLogin()[pri:0, instance:scripts.TestValidLogin@e25b2fe] output={null}]]]>
              </value>
            </param>
          </params>
          <reporter-output>
          </reporter-output>
        </test-method> <!-- closeApplication -->
      </class> <!-- scripts.TestValidLogin -->
    </test> <!-- Test(failed) -->
  </suite> <!-- Failed suite [Suite] -->
</testng-results>
